<?xml version="1.0" encoding="UTF-8"?>
<!-- Generated by org.testng.reporters.JUnitXMLReporter -->
<testsuite ignored="0" hostname="sergio-AORUS-15P-KD" failures="1" tests="2" name="Test" time="0.082" errors="0" timestamp="2023-04-18T17:14:10 ART">
  <testcase classname="com.sdetadda.allure.Testcase1" name="testMethod1" time="0.027">
    <failure type="java.lang.AssertionError">
      <![CDATA[java.lang.AssertionError: 
at com.sdetadda.allure.Testcase1.testMethod1(Testcase1.java:11)
at java.base/java.util.ArrayList.forEach(ArrayList.java:1511)
... Removed 30 stack frames]]>
    </failure>
  </testcase> <!-- testMethod1 -->
  <testcase classname="com.sdetadda.allure.Testcase2" name="testMethod2" time="0.002"/>
</testsuite> <!-- Test -->
